<?xml version="1.0" encoding="UTF-8"?>
<!-- Generated by org.testng.reporters.JUnitReportReporter -->
<testsuite hostname="DESKTOP-QPVJ0NK" failures="0" tests="2" name="com.qa.fb.keyword.tests.LoginTest" time="12.212" errors="0" timestamp="2022-08-17T05:44:40 BST" skipped="0">
  <testcase classname="com.qa.fb.keyword.tests.LoginTest" name="signUpTest" time="11.465"/>
  <system-out/>
  <testcase classname="com.qa.fb.keyword.tests.LoginTest" name="loginTest" time="0.747"/>
  <system-out/>
</testsuite> <!-- com.qa.fb.keyword.tests.LoginTest -->
